<?xml version="1.0" encoding="UTF-8"?>
<!-- Generated by org.testng.reporters.JUnitReportReporter -->
<testsuite skipped="0" hostname="DESKTOP-DP1E00D" name="scripts.testGmail" tests="1" failures="0" timestamp="2019-10-06T17:53:29 IST" time="116.617" errors="0">
  <testcase name="gmail" time="116.617" classname="scripts.testGmail"/>
</testsuite> <!-- scripts.testGmail -->
